<?xml version="1.0" encoding="UTF-8"?>
<testng-results skipped="0" failed="0" ignored="0" total="2" passed="2">
  <reporter-output>
  </reporter-output>
  <suite name="Default suite" duration-ms="23837" started-at="2021-02-14T10:52:35 CST" finished-at="2021-02-14T10:52:59 CST">
    <groups>
    </groups>
    <test name="Default test" duration-ms="23837" started-at="2021-02-14T10:52:35 CST" finished-at="2021-02-14T10:52:59 CST">
      <class name="testCases.LoginPageTest">
        <test-method status="PASS" signature="setUp()[pri:0, instance:testCases.LoginPageTest@2d6eabae]" name="setUp" is-config="true" duration-ms="3744" started-at="2021-02-14T10:52:35 CST" finished-at="2021-02-14T10:52:39 CST">
          <reporter-output>
          </reporter-output>
        </test-method> <!-- setUp -->
        <test-method status="PASS" signature="loginTest()[pri:1, instance:testCases.LoginPageTest@2d6eabae]" name="loginTest" duration-ms="7615" started-at="2021-02-14T10:52:39 CST" finished-at="2021-02-14T10:52:47 CST">
          <reporter-output>
          </reporter-output>
        </test-method> <!-- loginTest -->
        <test-method status="PASS" signature="tearDown()[pri:0, instance:testCases.LoginPageTest@2d6eabae]" name="tearDown" is-config="true" duration-ms="819" started-at="2021-02-14T10:52:47 CST" finished-at="2021-02-14T10:52:48 CST">
          <reporter-output>
          </reporter-output>
        </test-method> <!-- tearDown -->
        <test-method status="PASS" signature="setUp()[pri:0, instance:testCases.LoginPageTest@2d6eabae]" name="setUp" is-config="true" duration-ms="2970" started-at="2021-02-14T10:52:48 CST" finished-at="2021-02-14T10:52:51 CST">
          <reporter-output>
          </reporter-output>
        </test-method> <!-- setUp -->
        <test-method status="PASS" signature="loginpageTitleTest()[pri:2, instance:testCases.LoginPageTest@2d6eabae]" name="loginpageTitleTest" duration-ms="7770" started-at="2021-02-14T10:52:51 CST" finished-at="2021-02-14T10:52:58 CST">
          <reporter-output>
          </reporter-output>
        </test-method> <!-- loginpageTitleTest -->
        <test-method status="PASS" signature="tearDown()[pri:0, instance:testCases.LoginPageTest@2d6eabae]" name="tearDown" is-config="true" duration-ms="880" started-at="2021-02-14T10:52:58 CST" finished-at="2021-02-14T10:52:59 CST">
          <reporter-output>
          </reporter-output>
        </test-method> <!-- tearDown -->
      </class> <!-- testCases.LoginPageTest -->
    </test> <!-- Default test -->
  </suite> <!-- Default suite -->
</testng-results>
